
> server@0.0.1 dev
> tsx watch src/index.ts

node:events:485
      throw er; // Unhandled 'error' event
      ^

Error: listen EADDRINUSE: address already in use :::4000
    at Server.setupListenHandle [as _listen2] (node:net:1940:16)
    at listenInCluster (node:net:1997:12)
    at Server.listen (node:net:2102:7)
    at <anonymous> (/Users/nahankari/Library/CloudStorage/OneDrive-Aai/neelprojects/spashtai/apps/server/src/index.ts:143:8)
    at ModuleJob.run (node:internal/modules/esm/module_job:370:25)
    at async onImport.tracePromise.__proto__ (node:internal/modules/esm/loader:665:26)
    at async asyncRunEntryPointWithESMLoader (node:internal/modules/run_main:99:5)
Emitted 'error' event on WebSocketServer instance at:
    at Server.emit (node:events:507:28)
    at emitErrorNT (node:net:1976:8)
    at process.processTicksAndRejections (node:internal/process/task_queues:90:21) {
  code: 'EADDRINUSE',
  errno: -48,
  syscall: 'listen',
  address: '::',
  port: 4000
}

Node.js v24.4.0
